[0.519s] DEBUG:colcon:Command line arguments: ['/usr/bin/colcon', 'build', '--symlink-install']
[0.520s] DEBUG:colcon:Parsed command line arguments: Namespace(log_base=None, log_level=None, verb_name='build', build_base='build', install_base='install', merge_install=False, symlink_install=True, test_result_base=None, continue_on_error=False, executor='parallel', parallel_workers=8, event_handlers=None, ignore_user_meta=False, metas=['./colcon.meta'], base_paths=['.'], packages_ignore=None, packages_ignore_regex=None, paths=None, packages_up_to=None, packages_up_to_regex=None, packages_above=None, packages_above_and_dependencies=None, packages_above_depth=None, packages_select_by_dep=None, packages_skip_by_dep=None, packages_skip_up_to=None, packages_select_build_failed=False, packages_skip_build_finished=False, packages_select_test_failures=False, packages_skip_test_passed=False, packages_select=None, packages_skip=None, packages_select_regex=None, packages_skip_regex=None, packages_start=None, packages_end=None, allow_overriding=[], cmake_args=None, cmake_target=None, cmake_target_skip_unavailable=False, cmake_clean_cache=False, cmake_clean_first=False, cmake_force_configure=False, ament_cmake_args=None, catkin_cmake_args=None, catkin_skip_building_tests=False, mixin_files=None, mixin=None, verb_parser=<colcon_mixin.mixin.mixin_argument.MixinArgumentDecorator object at 0x7dc0fbd75810>, verb_extension=<colcon_core.verb.build.BuildVerb object at 0x7dc0fbd74e50>, main=<bound method BuildVerb.main of <colcon_core.verb.build.BuildVerb object at 0x7dc0fbd74e50>>, mixin_verb=('build',))
[1.501s] Level 1:colcon.colcon_core.package_discovery:discover_packages(colcon_meta) check parameters
[1.502s] Level 1:colcon.colcon_core.package_discovery:discover_packages(recursive) check parameters
[1.502s] Level 1:colcon.colcon_core.package_discovery:discover_packages(ignore) check parameters
[1.502s] Level 1:colcon.colcon_core.package_discovery:discover_packages(path) check parameters
[1.502s] Level 1:colcon.colcon_core.package_discovery:discover_packages(colcon_meta) discover
[1.502s] Level 1:colcon.colcon_core.package_discovery:discover_packages(recursive) discover
[1.503s] INFO:colcon.colcon_core.package_discovery:Crawling recursively for packages in '/home/osama/schaeffler'
[1.503s] Level 1:colcon.colcon_core.package_identification:_identify(.) by extensions ['ignore', 'ignore_ament_install']
[1.504s] Level 1:colcon.colcon_core.package_identification:_identify(.) by extension 'ignore'
[1.504s] Level 1:colcon.colcon_core.package_identification:_identify(.) by extension 'ignore_ament_install'
[1.504s] Level 1:colcon.colcon_core.package_identification:_identify(.) by extensions ['colcon_pkg']
[1.504s] Level 1:colcon.colcon_core.package_identification:_identify(.) by extension 'colcon_pkg'
[1.505s] Level 1:colcon.colcon_core.package_identification:_identify(.) by extensions ['colcon_meta']
[1.505s] Level 1:colcon.colcon_core.package_identification:_identify(.) by extension 'colcon_meta'
[1.505s] Level 1:colcon.colcon_core.package_identification:_identify(.) by extensions ['ros']
[1.505s] Level 1:colcon.colcon_core.package_identification:_identify(.) by extension 'ros'
[1.553s] Level 1:colcon.colcon_core.package_identification:_identify(.) by extensions ['cmake', 'python']
[1.553s] Level 1:colcon.colcon_core.package_identification:_identify(.) by extension 'cmake'
[1.553s] Level 1:colcon.colcon_core.package_identification:_identify(.) by extension 'python'
[1.553s] Level 1:colcon.colcon_core.package_identification:_identify(.) by extensions ['python_setup_py']
[1.554s] Level 1:colcon.colcon_core.package_identification:_identify(.) by extension 'python_setup_py'
[1.554s] Level 1:colcon.colcon_core.package_identification:_identify(build) by extensions ['ignore', 'ignore_ament_install']
[1.555s] Level 1:colcon.colcon_core.package_identification:_identify(build) by extension 'ignore'
[1.555s] Level 1:colcon.colcon_core.package_identification:_identify(build) ignored
[1.555s] Level 1:colcon.colcon_core.package_identification:_identify(install) by extensions ['ignore', 'ignore_ament_install']
[1.556s] Level 1:colcon.colcon_core.package_identification:_identify(install) by extension 'ignore'
[1.556s] Level 1:colcon.colcon_core.package_identification:_identify(install) ignored
[1.557s] Level 1:colcon.colcon_core.package_identification:_identify(log) by extensions ['ignore', 'ignore_ament_install']
[1.557s] Level 1:colcon.colcon_core.package_identification:_identify(log) by extension 'ignore'
[1.557s] Level 1:colcon.colcon_core.package_identification:_identify(log) ignored
[1.558s] Level 1:colcon.colcon_core.package_identification:_identify(src) by extensions ['ignore', 'ignore_ament_install']
[1.558s] Level 1:colcon.colcon_core.package_identification:_identify(src) by extension 'ignore'
[1.558s] Level 1:colcon.colcon_core.package_identification:_identify(src) by extension 'ignore_ament_install'
[1.558s] Level 1:colcon.colcon_core.package_identification:_identify(src) by extensions ['colcon_pkg']
[1.559s] Level 1:colcon.colcon_core.package_identification:_identify(src) by extension 'colcon_pkg'
[1.559s] Level 1:colcon.colcon_core.package_identification:_identify(src) by extensions ['colcon_meta']
[1.559s] Level 1:colcon.colcon_core.package_identification:_identify(src) by extension 'colcon_meta'
[1.559s] Level 1:colcon.colcon_core.package_identification:_identify(src) by extensions ['ros']
[1.559s] Level 1:colcon.colcon_core.package_identification:_identify(src) by extension 'ros'
[1.560s] Level 1:colcon.colcon_core.package_identification:_identify(src) by extensions ['cmake', 'python']
[1.560s] Level 1:colcon.colcon_core.package_identification:_identify(src) by extension 'cmake'
[1.560s] Level 1:colcon.colcon_core.package_identification:_identify(src) by extension 'python'
[1.560s] Level 1:colcon.colcon_core.package_identification:_identify(src) by extensions ['python_setup_py']
[1.560s] Level 1:colcon.colcon_core.package_identification:_identify(src) by extension 'python_setup_py'
[1.561s] Level 1:colcon.colcon_core.package_identification:_identify(src/emma_visualization) by extensions ['ignore', 'ignore_ament_install']
[1.561s] Level 1:colcon.colcon_core.package_identification:_identify(src/emma_visualization) by extension 'ignore'
[1.561s] Level 1:colcon.colcon_core.package_identification:_identify(src/emma_visualization) by extension 'ignore_ament_install'
[1.562s] Level 1:colcon.colcon_core.package_identification:_identify(src/emma_visualization) by extensions ['colcon_pkg']
[1.562s] Level 1:colcon.colcon_core.package_identification:_identify(src/emma_visualization) by extension 'colcon_pkg'
[1.562s] Level 1:colcon.colcon_core.package_identification:_identify(src/emma_visualization) by extensions ['colcon_meta']
[1.562s] Level 1:colcon.colcon_core.package_identification:_identify(src/emma_visualization) by extension 'colcon_meta'
[1.562s] Level 1:colcon.colcon_core.package_identification:_identify(src/emma_visualization) by extensions ['ros']
[1.563s] Level 1:colcon.colcon_core.package_identification:_identify(src/emma_visualization) by extension 'ros'
[1.572s] DEBUG:colcon.colcon_core.package_identification:Package 'src/emma_visualization' with type 'ros.ament_cmake' and name 'emma_visualization'
[1.572s] Level 1:colcon.colcon_core.package_discovery:discover_packages(recursive) using defaults
[1.573s] Level 1:colcon.colcon_core.package_discovery:discover_packages(ignore) discover
[1.573s] Level 1:colcon.colcon_core.package_discovery:discover_packages(ignore) using defaults
[1.573s] Level 1:colcon.colcon_core.package_discovery:discover_packages(path) discover
[1.573s] Level 1:colcon.colcon_core.package_discovery:discover_packages(path) using defaults
[1.685s] Level 1:colcon.colcon_core.package_discovery:discover_packages(prefix_path) check parameters
[1.685s] Level 1:colcon.colcon_core.package_discovery:discover_packages(prefix_path) discover
[1.689s] WARNING:colcon.colcon_ros.prefix_path.ament:The path '/home/osama/schaeffler/install/amr_visualization' in the environment variable AMENT_PREFIX_PATH doesn't exist
[1.689s] WARNING:colcon.colcon_ros.prefix_path.ament:The path '/home/osama/schaeffler/install/emma_visualization' in the environment variable AMENT_PREFIX_PATH doesn't exist
[1.689s] WARNING:colcon.colcon_ros.prefix_path.ament:The path '/home/osama/schaeffler/install/emma_robot' in the environment variable AMENT_PREFIX_PATH doesn't exist
[1.689s] WARNING:colcon.colcon_ros.prefix_path.ament:The path '/home/osama/Omron_AMR_ROS2/install/om_aiv_util' in the environment variable AMENT_PREFIX_PATH doesn't exist
[1.689s] WARNING:colcon.colcon_ros.prefix_path.ament:The path '/home/osama/Omron_AMR_ROS2/install/om_aiv_navigation' in the environment variable AMENT_PREFIX_PATH doesn't exist
[1.690s] WARNING:colcon.colcon_ros.prefix_path.ament:The path '/home/osama/Omron_AMR_ROS2/install/om_aiv_msg' in the environment variable AMENT_PREFIX_PATH doesn't exist
[1.691s] WARNING:colcon.colcon_ros.prefix_path.catkin:The path '/home/osama/schaeffler/install/emma_visualization' in the environment variable CMAKE_PREFIX_PATH doesn't exist
[1.691s] WARNING:colcon.colcon_ros.prefix_path.catkin:The path '/home/osama/schaeffler/install/amr_visualization' in the environment variable CMAKE_PREFIX_PATH doesn't exist
[1.691s] WARNING:colcon.colcon_ros.prefix_path.catkin:The path '/home/osama/Omron_AMR_ROS2/install/om_aiv_msg' in the environment variable CMAKE_PREFIX_PATH doesn't exist
[1.694s] DEBUG:colcon.colcon_installed_package_information.package_discovery:Found 0 installed packages in /home/osama/schaeffler/install
[1.695s] DEBUG:colcon.colcon_installed_package_information.package_discovery:Found 0 installed packages in /home/osama/Omron_AMR_ROS2/install
[1.697s] DEBUG:colcon.colcon_installed_package_information.package_discovery:Found 2 installed packages in /home/osama/turtle_ws/install
[1.699s] DEBUG:colcon.colcon_installed_package_information.package_discovery:Found 1 installed packages in /home/osama/launch_ws/install
[1.706s] DEBUG:colcon.colcon_installed_package_information.package_discovery:Found 382 installed packages in /opt/ros/humble
[1.715s] Level 1:colcon.colcon_core.package_discovery:discover_packages(prefix_path) using defaults
[1.936s] Level 5:colcon.colcon_core.verb:set package 'emma_visualization' build argument 'cmake_args' from command line to 'None'
[1.937s] Level 5:colcon.colcon_core.verb:set package 'emma_visualization' build argument 'cmake_target' from command line to 'None'
[1.937s] Level 5:colcon.colcon_core.verb:set package 'emma_visualization' build argument 'cmake_target_skip_unavailable' from command line to 'False'
[1.937s] Level 5:colcon.colcon_core.verb:set package 'emma_visualization' build argument 'cmake_clean_cache' from command line to 'False'
[1.937s] Level 5:colcon.colcon_core.verb:set package 'emma_visualization' build argument 'cmake_clean_first' from command line to 'False'
[1.937s] Level 5:colcon.colcon_core.verb:set package 'emma_visualization' build argument 'cmake_force_configure' from command line to 'False'
[1.937s] Level 5:colcon.colcon_core.verb:set package 'emma_visualization' build argument 'ament_cmake_args' from command line to 'None'
[1.937s] Level 5:colcon.colcon_core.verb:set package 'emma_visualization' build argument 'catkin_cmake_args' from command line to 'None'
[1.937s] Level 5:colcon.colcon_core.verb:set package 'emma_visualization' build argument 'catkin_skip_building_tests' from command line to 'False'
[1.938s] DEBUG:colcon.colcon_core.verb:Building package 'emma_visualization' with the following arguments: {'ament_cmake_args': None, 'build_base': '/home/osama/schaeffler/build/emma_visualization', 'catkin_cmake_args': None, 'catkin_skip_building_tests': False, 'cmake_args': None, 'cmake_clean_cache': False, 'cmake_clean_first': False, 'cmake_force_configure': False, 'cmake_target': None, 'cmake_target_skip_unavailable': False, 'install_base': '/home/osama/schaeffler/install/emma_visualization', 'merge_install': False, 'path': '/home/osama/schaeffler/src/emma_visualization', 'symlink_install': True, 'test_result_base': None}
[1.938s] INFO:colcon.colcon_core.executor:Executing jobs using 'parallel' executor
[1.942s] DEBUG:colcon.colcon_parallel_executor.executor.parallel:run_until_complete
[1.942s] INFO:colcon.colcon_ros.task.ament_cmake.build:Building ROS package in '/home/osama/schaeffler/src/emma_visualization' with build type 'ament_cmake'
[1.943s] INFO:colcon.colcon_cmake.task.cmake.build:Building CMake package in '/home/osama/schaeffler/src/emma_visualization'
[1.952s] INFO:colcon.colcon_core.plugin_system:Skipping extension 'colcon_core.shell.bat': Not used on non-Windows systems
[1.953s] INFO:colcon.colcon_core.shell:Skip shell extension 'powershell' for command environment: Not usable outside of PowerShell
[1.953s] DEBUG:colcon.colcon_core.shell:Skip shell extension 'dsv' for command environment
[1.990s] DEBUG:colcon.colcon_core.event_handler.log_command:Invoking command in '/home/osama/schaeffler/build/emma_visualization': CMAKE_PREFIX_PATH=${CMAKE_PREFIX_PATH}:/home/osama/schaeffler/install/emma_robot:/home/osama/Omron_AMR_ROS2/install/om_aiv_util:/home/osama/Omron_AMR_ROS2/install/om_aiv_navigation:/home/osama/turtle_ws/install/learning_tf2_py:/home/osama/launch_ws/install/py_launch_example:/opt/ros/humble /usr/bin/cmake /home/osama/schaeffler/src/emma_visualization -DAMENT_CMAKE_SYMLINK_INSTALL=1 -DCMAKE_INSTALL_PREFIX=/home/osama/schaeffler/install/emma_visualization
[5.052s] DEBUG:colcon.colcon_core.event_handler.log_command:Invoked command in '/home/osama/schaeffler/build/emma_visualization' returned '0': CMAKE_PREFIX_PATH=${CMAKE_PREFIX_PATH}:/home/osama/schaeffler/install/emma_robot:/home/osama/Omron_AMR_ROS2/install/om_aiv_util:/home/osama/Omron_AMR_ROS2/install/om_aiv_navigation:/home/osama/turtle_ws/install/learning_tf2_py:/home/osama/launch_ws/install/py_launch_example:/opt/ros/humble /usr/bin/cmake /home/osama/schaeffler/src/emma_visualization -DAMENT_CMAKE_SYMLINK_INSTALL=1 -DCMAKE_INSTALL_PREFIX=/home/osama/schaeffler/install/emma_visualization
[5.060s] DEBUG:colcon.colcon_core.event_handler.log_command:Invoking command in '/home/osama/schaeffler/build/emma_visualization': CMAKE_PREFIX_PATH=${CMAKE_PREFIX_PATH}:/home/osama/schaeffler/install/emma_robot:/home/osama/Omron_AMR_ROS2/install/om_aiv_util:/home/osama/Omron_AMR_ROS2/install/om_aiv_navigation:/home/osama/turtle_ws/install/learning_tf2_py:/home/osama/launch_ws/install/py_launch_example:/opt/ros/humble /usr/bin/cmake --build /home/osama/schaeffler/build/emma_visualization -- -j8 -l8
[5.223s] DEBUG:colcon.colcon_core.event_handler.log_command:Invoked command in '/home/osama/schaeffler/build/emma_visualization' returned '0': CMAKE_PREFIX_PATH=${CMAKE_PREFIX_PATH}:/home/osama/schaeffler/install/emma_robot:/home/osama/Omron_AMR_ROS2/install/om_aiv_util:/home/osama/Omron_AMR_ROS2/install/om_aiv_navigation:/home/osama/turtle_ws/install/learning_tf2_py:/home/osama/launch_ws/install/py_launch_example:/opt/ros/humble /usr/bin/cmake --build /home/osama/schaeffler/build/emma_visualization -- -j8 -l8
[5.267s] DEBUG:colcon.colcon_core.event_handler.log_command:Invoking command in '/home/osama/schaeffler/build/emma_visualization': CMAKE_PREFIX_PATH=${CMAKE_PREFIX_PATH}:/home/osama/schaeffler/install/emma_robot:/home/osama/Omron_AMR_ROS2/install/om_aiv_util:/home/osama/Omron_AMR_ROS2/install/om_aiv_navigation:/home/osama/turtle_ws/install/learning_tf2_py:/home/osama/launch_ws/install/py_launch_example:/opt/ros/humble /usr/bin/cmake --install /home/osama/schaeffler/build/emma_visualization
[5.930s] Level 1:colcon.colcon_core.environment:create_environment_scripts_only(emma_visualization)
[5.932s] DEBUG:colcon.colcon_core.event_handler.log_command:Invoked command in '/home/osama/schaeffler/build/emma_visualization' returned '0': CMAKE_PREFIX_PATH=${CMAKE_PREFIX_PATH}:/home/osama/schaeffler/install/emma_robot:/home/osama/Omron_AMR_ROS2/install/om_aiv_util:/home/osama/Omron_AMR_ROS2/install/om_aiv_navigation:/home/osama/turtle_ws/install/learning_tf2_py:/home/osama/launch_ws/install/py_launch_example:/opt/ros/humble /usr/bin/cmake --install /home/osama/schaeffler/build/emma_visualization
[5.942s] Level 1:colcon.colcon_core.environment:checking '/home/osama/schaeffler/install/emma_visualization' for CMake module files
[5.943s] Level 1:colcon.colcon_core.environment:checking '/home/osama/schaeffler/install/emma_visualization' for CMake config files
[5.945s] Level 1:colcon.colcon_core.shell:create_environment_hook('emma_visualization', 'cmake_prefix_path')
[5.946s] INFO:colcon.colcon_core.shell:Creating environment hook '/home/osama/schaeffler/install/emma_visualization/share/emma_visualization/hook/cmake_prefix_path.ps1'
[5.949s] INFO:colcon.colcon_core.shell:Creating environment descriptor '/home/osama/schaeffler/install/emma_visualization/share/emma_visualization/hook/cmake_prefix_path.dsv'
[5.950s] INFO:colcon.colcon_core.shell:Creating environment hook '/home/osama/schaeffler/install/emma_visualization/share/emma_visualization/hook/cmake_prefix_path.sh'
[5.953s] Level 1:colcon.colcon_core.environment:checking '/home/osama/schaeffler/install/emma_visualization/bin'
[5.954s] Level 1:colcon.colcon_core.environment:checking '/home/osama/schaeffler/install/emma_visualization/lib/pkgconfig/emma_visualization.pc'
[5.955s] Level 1:colcon.colcon_core.environment:checking '/home/osama/schaeffler/install/emma_visualization/lib/python3.10/site-packages'
[5.955s] Level 1:colcon.colcon_core.environment:checking '/home/osama/schaeffler/install/emma_visualization/bin'
[5.957s] INFO:colcon.colcon_core.shell:Creating package script '/home/osama/schaeffler/install/emma_visualization/share/emma_visualization/package.ps1'
[5.960s] INFO:colcon.colcon_core.shell:Creating package descriptor '/home/osama/schaeffler/install/emma_visualization/share/emma_visualization/package.dsv'
[5.963s] INFO:colcon.colcon_core.shell:Creating package script '/home/osama/schaeffler/install/emma_visualization/share/emma_visualization/package.sh'
[5.966s] INFO:colcon.colcon_core.shell:Creating package script '/home/osama/schaeffler/install/emma_visualization/share/emma_visualization/package.bash'
[5.970s] INFO:colcon.colcon_core.shell:Creating package script '/home/osama/schaeffler/install/emma_visualization/share/emma_visualization/package.zsh'
[5.972s] Level 1:colcon.colcon_core.environment:create_file_with_runtime_dependencies(/home/osama/schaeffler/install/emma_visualization/share/colcon-core/packages/emma_visualization)
[5.975s] Level 1:colcon.colcon_core.environment:create_environment_scripts_only(emma_visualization)
[5.976s] Level 1:colcon.colcon_core.environment:checking '/home/osama/schaeffler/install/emma_visualization' for CMake module files
[5.978s] Level 1:colcon.colcon_core.environment:checking '/home/osama/schaeffler/install/emma_visualization' for CMake config files
[5.979s] Level 1:colcon.colcon_core.shell:create_environment_hook('emma_visualization', 'cmake_prefix_path')
[5.980s] INFO:colcon.colcon_core.shell:Creating environment hook '/home/osama/schaeffler/install/emma_visualization/share/emma_visualization/hook/cmake_prefix_path.ps1'
[5.982s] INFO:colcon.colcon_core.shell:Creating environment descriptor '/home/osama/schaeffler/install/emma_visualization/share/emma_visualization/hook/cmake_prefix_path.dsv'
[5.983s] INFO:colcon.colcon_core.shell:Creating environment hook '/home/osama/schaeffler/install/emma_visualization/share/emma_visualization/hook/cmake_prefix_path.sh'
[5.985s] Level 1:colcon.colcon_core.environment:checking '/home/osama/schaeffler/install/emma_visualization/bin'
[5.985s] Level 1:colcon.colcon_core.environment:checking '/home/osama/schaeffler/install/emma_visualization/lib/pkgconfig/emma_visualization.pc'
[5.986s] Level 1:colcon.colcon_core.environment:checking '/home/osama/schaeffler/install/emma_visualization/lib/python3.10/site-packages'
[5.987s] Level 1:colcon.colcon_core.environment:checking '/home/osama/schaeffler/install/emma_visualization/bin'
[5.988s] INFO:colcon.colcon_core.shell:Creating package script '/home/osama/schaeffler/install/emma_visualization/share/emma_visualization/package.ps1'
[5.990s] INFO:colcon.colcon_core.shell:Creating package descriptor '/home/osama/schaeffler/install/emma_visualization/share/emma_visualization/package.dsv'
[5.992s] INFO:colcon.colcon_core.shell:Creating package script '/home/osama/schaeffler/install/emma_visualization/share/emma_visualization/package.sh'
[5.994s] INFO:colcon.colcon_core.shell:Creating package script '/home/osama/schaeffler/install/emma_visualization/share/emma_visualization/package.bash'
[5.995s] INFO:colcon.colcon_core.shell:Creating package script '/home/osama/schaeffler/install/emma_visualization/share/emma_visualization/package.zsh'
[5.997s] Level 1:colcon.colcon_core.environment:create_file_with_runtime_dependencies(/home/osama/schaeffler/install/emma_visualization/share/colcon-core/packages/emma_visualization)
[5.998s] DEBUG:colcon.colcon_parallel_executor.executor.parallel:closing loop
[6.000s] DEBUG:colcon.colcon_parallel_executor.executor.parallel:loop closed
[6.000s] DEBUG:colcon.colcon_parallel_executor.executor.parallel:run_until_complete finished with '0'
[6.000s] DEBUG:colcon.colcon_core.event_reactor:joining thread
[6.020s] INFO:colcon.colcon_core.plugin_system:Skipping extension 'colcon_notification.desktop_notification.terminal_notifier': Not used on non-Darwin systems
[6.021s] INFO:colcon.colcon_core.plugin_system:Skipping extension 'colcon_notification.desktop_notification.win32': Not used on non-Windows systems
[6.021s] INFO:colcon.colcon_notification.desktop_notification:Sending desktop notification using 'notify2'
[6.085s] DEBUG:colcon.colcon_core.event_reactor:joined thread
[6.086s] INFO:colcon.colcon_core.shell:Creating prefix script '/home/osama/schaeffler/install/local_setup.ps1'
[6.090s] INFO:colcon.colcon_core.shell:Creating prefix util module '/home/osama/schaeffler/install/_local_setup_util_ps1.py'
[6.096s] INFO:colcon.colcon_core.shell:Creating prefix chain script '/home/osama/schaeffler/install/setup.ps1'
[6.102s] INFO:colcon.colcon_core.shell:Creating prefix script '/home/osama/schaeffler/install/local_setup.sh'
[6.104s] INFO:colcon.colcon_core.shell:Creating prefix util module '/home/osama/schaeffler/install/_local_setup_util_sh.py'
[6.107s] INFO:colcon.colcon_core.shell:Creating prefix chain script '/home/osama/schaeffler/install/setup.sh'
[6.113s] INFO:colcon.colcon_core.shell:Creating prefix script '/home/osama/schaeffler/install/local_setup.bash'
[6.115s] INFO:colcon.colcon_core.shell:Creating prefix chain script '/home/osama/schaeffler/install/setup.bash'
[6.120s] INFO:colcon.colcon_core.shell:Creating prefix script '/home/osama/schaeffler/install/local_setup.zsh'
[6.122s] INFO:colcon.colcon_core.shell:Creating prefix chain script '/home/osama/schaeffler/install/setup.zsh'
