[0.047s] Invoking command in '/home/osama/schaeffler/build/emma_visualization': CMAKE_PREFIX_PATH=${CMAKE_PREFIX_PATH}:/home/osama/schaeffler/install/emma_robot:/home/osama/Omron_AMR_ROS2/install/om_aiv_util:/home/osama/Omron_AMR_ROS2/install/om_aiv_navigation:/home/osama/turtle_ws/install/learning_tf2_py:/home/osama/launch_ws/install/py_launch_example:/opt/ros/humble /usr/bin/cmake --build /home/osama/schaeffler/build/emma_visualization -- -j8 -l8
[0.216s] Invoked command in '/home/osama/schaeffler/build/emma_visualization' returned '0': CMAKE_PREFIX_PATH=${CMAKE_PREFIX_PATH}:/home/osama/schaeffler/install/emma_robot:/home/osama/Omron_AMR_ROS2/install/om_aiv_util:/home/osama/Omron_AMR_ROS2/install/om_aiv_navigation:/home/osama/turtle_ws/install/learning_tf2_py:/home/osama/launch_ws/install/py_launch_example:/opt/ros/humble /usr/bin/cmake --build /home/osama/schaeffler/build/emma_visualization -- -j8 -l8
[0.269s] Invoking command in '/home/osama/schaeffler/build/emma_visualization': CMAKE_PREFIX_PATH=${CMAKE_PREFIX_PATH}:/home/osama/schaeffler/install/emma_robot:/home/osama/Omron_AMR_ROS2/install/om_aiv_util:/home/osama/Omron_AMR_ROS2/install/om_aiv_navigation:/home/osama/turtle_ws/install/learning_tf2_py:/home/osama/launch_ws/install/py_launch_example:/opt/ros/humble /usr/bin/cmake --install /home/osama/schaeffler/build/emma_visualization
[0.299s] -- Install configuration: ""
[0.302s] -- Execute custom install script
[0.305s] -- Up-to-date symlink: /home/osama/schaeffler/install/emma_visualization/share/emma_visualization/description/emma.urdf.xacro
[0.306s] -- Up-to-date symlink: /home/osama/schaeffler/install/emma_visualization/share/emma_visualization/launch/rsp.launch.py
[0.308s] -- Up-to-date symlink: /home/osama/schaeffler/install/emma_visualization/share/ament_index/resource_index/package_run_dependencies/emma_visualization
[0.309s] -- Up-to-date symlink: /home/osama/schaeffler/install/emma_visualization/share/ament_index/resource_index/parent_prefix_path/emma_visualization
[0.310s] -- Up-to-date symlink: /home/osama/schaeffler/install/emma_visualization/share/emma_visualization/environment/ament_prefix_path.sh
[0.311s] -- Up-to-date symlink: /home/osama/schaeffler/install/emma_visualization/share/emma_visualization/environment/ament_prefix_path.dsv
[0.313s] -- Up-to-date symlink: /home/osama/schaeffler/install/emma_visualization/share/emma_visualization/environment/path.sh
[0.314s] -- Up-to-date symlink: /home/osama/schaeffler/install/emma_visualization/share/emma_visualization/environment/path.dsv
[0.315s] -- Up-to-date symlink: /home/osama/schaeffler/install/emma_visualization/share/emma_visualization/local_setup.bash
[0.316s] -- Up-to-date symlink: /home/osama/schaeffler/install/emma_visualization/share/emma_visualization/local_setup.sh
[0.317s] -- Up-to-date symlink: /home/osama/schaeffler/install/emma_visualization/share/emma_visualization/local_setup.zsh
[0.318s] -- Up-to-date symlink: /home/osama/schaeffler/install/emma_visualization/share/emma_visualization/local_setup.dsv
[0.319s] -- Symlinking: /home/osama/schaeffler/install/emma_visualization/share/emma_visualization/package.dsv
[0.358s] -- Up-to-date symlink: /home/osama/schaeffler/install/emma_visualization/share/ament_index/resource_index/packages/emma_visualization
[0.360s] -- Up-to-date symlink: /home/osama/schaeffler/install/emma_visualization/share/emma_visualization/cmake/emma_visualizationConfig.cmake
[0.360s] -- Up-to-date symlink: /home/osama/schaeffler/install/emma_visualization/share/emma_visualization/cmake/emma_visualizationConfig-version.cmake
[0.361s] -- Up-to-date symlink: /home/osama/schaeffler/install/emma_visualization/share/emma_visualization/package.xml
[0.372s] Invoked command in '/home/osama/schaeffler/build/emma_visualization' returned '0': CMAKE_PREFIX_PATH=${CMAKE_PREFIX_PATH}:/home/osama/schaeffler/install/emma_robot:/home/osama/Omron_AMR_ROS2/install/om_aiv_util:/home/osama/Omron_AMR_ROS2/install/om_aiv_navigation:/home/osama/turtle_ws/install/learning_tf2_py:/home/osama/launch_ws/install/py_launch_example:/opt/ros/humble /usr/bin/cmake --install /home/osama/schaeffler/build/emma_visualization
