-- The C compiler identification is GNU 11.4.0
-- The CXX compiler identification is GNU 11.4.0
-- Detecting C compiler ABI info
-- Detecting C compiler ABI info - done
-- Check for working C compiler: /usr/bin/cc - skipped
-- Detecting C compile features
-- Detecting C compile features - done
-- Detecting CXX compiler ABI info
-- Detecting CXX compiler ABI info - done
-- Check for working CXX compiler: /usr/bin/c++ - skipped
-- Detecting CXX compile features
-- Detecting CXX compile features - done
-- Found ament_cmake: 1.3.11 (/opt/ros/humble/share/ament_cmake/cmake)
-- Found Python3: /usr/bin/python3 (found version "3.10.12") found components: Interpreter 
-- Override CMake install command with custom implementation using symlinks instead of copying resources
-- Found ament_lint_auto: 0.12.12 (/opt/ros/humble/share/ament_lint_auto/cmake)
-- Added test 'flake8' to check Python code syntax and style conventions
-- Added test 'lint_cmake' to check CMake code style
-- Added test 'pep257' to check Python code against some of the docstring style conventions in PEP 257
-- Added test 'xmllint' to check XML markup files
-- Configuring done
-- Generating done
-- Build files have been written to: /home/osama/schaeffler/build/emma_visualization
-- Install configuration: ""
-- Execute custom install script
-- Symlinking: /home/osama/schaeffler/install/emma_visualization/share/emma_visualization/description/emma.urdf.xacro
-- Symlinking: /home/osama/schaeffler/install/emma_visualization/share/emma_visualization/launch/rsp.launch.py
-- Symlinking: /home/osama/schaeffler/install/emma_visualization/share/ament_index/resource_index/package_run_dependencies/emma_visualization
-- Symlinking: /home/osama/schaeffler/install/emma_visualization/share/ament_index/resource_index/parent_prefix_path/emma_visualization
-- Symlinking: /home/osama/schaeffler/install/emma_visualization/share/emma_visualization/environment/ament_prefix_path.sh
-- Symlinking: /home/osama/schaeffler/install/emma_visualization/share/emma_visualization/environment/ament_prefix_path.dsv
-- Symlinking: /home/osama/schaeffler/install/emma_visualization/share/emma_visualization/environment/path.sh
-- Symlinking: /home/osama/schaeffler/install/emma_visualization/share/emma_visualization/environment/path.dsv
-- Symlinking: /home/osama/schaeffler/install/emma_visualization/share/emma_visualization/local_setup.bash
-- Symlinking: /home/osama/schaeffler/install/emma_visualization/share/emma_visualization/local_setup.sh
-- Symlinking: /home/osama/schaeffler/install/emma_visualization/share/emma_visualization/local_setup.zsh
-- Symlinking: /home/osama/schaeffler/install/emma_visualization/share/emma_visualization/local_setup.dsv
-- Symlinking: /home/osama/schaeffler/install/emma_visualization/share/emma_visualization/package.dsv
-- Symlinking: /home/osama/schaeffler/install/emma_visualization/share/ament_index/resource_index/packages/emma_visualization
-- Symlinking: /home/osama/schaeffler/install/emma_visualization/share/emma_visualization/cmake/emma_visualizationConfig.cmake
-- Symlinking: /home/osama/schaeffler/install/emma_visualization/share/emma_visualization/cmake/emma_visualizationConfig-version.cmake
-- Symlinking: /home/osama/schaeffler/install/emma_visualization/share/emma_visualization/package.xml
