[0.045s] Invoking command in '/home/osama/schaeffler/build/emma_visualization': CMAKE_PREFIX_PATH=${CMAKE_PREFIX_PATH}:/home/osama/schaeffler/install/emma_robot:/home/osama/Omron_AMR_ROS2/install/om_aiv_util:/home/osama/Omron_AMR_ROS2/install/om_aiv_navigation:/home/osama/turtle_ws/install/learning_tf2_py:/home/osama/launch_ws/install/py_launch_example:/opt/ros/humble /usr/bin/cmake /home/osama/schaeffler/src/emma_visualization -DAMENT_CMAKE_SYMLINK_INSTALL=1 -DCMAKE_INSTALL_PREFIX=/home/osama/schaeffler/install/emma_visualization
[0.305s] -- The C compiler identification is GNU 11.4.0
[0.565s] -- The CXX compiler identification is GNU 11.4.0
[0.599s] -- Detecting C compiler ABI info
[0.912s] -- Detecting C compiler ABI info - done
[0.950s] -- Check for working C compiler: /usr/bin/cc - skipped
[0.951s] -- Detecting C compile features
[0.953s] -- Detecting C compile features - done
[0.967s] -- Detecting CXX compiler ABI info
[1.313s] -- Detecting CXX compiler ABI info - done
[1.352s] -- Check for working CXX compiler: /usr/bin/c++ - skipped
[1.353s] -- Detecting CXX compile features
[1.355s] -- Detecting CXX compile features - done
[1.372s] -- Found ament_cmake: 1.3.11 (/opt/ros/humble/share/ament_cmake/cmake)
[2.080s] -- Found Python3: /usr/bin/python3 (found version "3.10.12") found components: Interpreter 
[2.434s] -- Override CMake install command with custom implementation using symlinks instead of copying resources
[2.631s] -- Found ament_lint_auto: 0.12.12 (/opt/ros/humble/share/ament_lint_auto/cmake)
[3.042s] -- Added test 'flake8' to check Python code syntax and style conventions
[3.046s] -- Added test 'lint_cmake' to check CMake code style
[3.051s] -- Added test 'pep257' to check Python code against some of the docstring style conventions in PEP 257
[3.064s] -- Added test 'xmllint' to check XML markup files
[3.071s] -- Configuring done
[3.084s] -- Generating done
[3.091s] -- Build files have been written to: /home/osama/schaeffler/build/emma_visualization
[3.107s] Invoked command in '/home/osama/schaeffler/build/emma_visualization' returned '0': CMAKE_PREFIX_PATH=${CMAKE_PREFIX_PATH}:/home/osama/schaeffler/install/emma_robot:/home/osama/Omron_AMR_ROS2/install/om_aiv_util:/home/osama/Omron_AMR_ROS2/install/om_aiv_navigation:/home/osama/turtle_ws/install/learning_tf2_py:/home/osama/launch_ws/install/py_launch_example:/opt/ros/humble /usr/bin/cmake /home/osama/schaeffler/src/emma_visualization -DAMENT_CMAKE_SYMLINK_INSTALL=1 -DCMAKE_INSTALL_PREFIX=/home/osama/schaeffler/install/emma_visualization
[3.115s] Invoking command in '/home/osama/schaeffler/build/emma_visualization': CMAKE_PREFIX_PATH=${CMAKE_PREFIX_PATH}:/home/osama/schaeffler/install/emma_robot:/home/osama/Omron_AMR_ROS2/install/om_aiv_util:/home/osama/Omron_AMR_ROS2/install/om_aiv_navigation:/home/osama/turtle_ws/install/learning_tf2_py:/home/osama/launch_ws/install/py_launch_example:/opt/ros/humble /usr/bin/cmake --build /home/osama/schaeffler/build/emma_visualization -- -j8 -l8
[3.278s] Invoked command in '/home/osama/schaeffler/build/emma_visualization' returned '0': CMAKE_PREFIX_PATH=${CMAKE_PREFIX_PATH}:/home/osama/schaeffler/install/emma_robot:/home/osama/Omron_AMR_ROS2/install/om_aiv_util:/home/osama/Omron_AMR_ROS2/install/om_aiv_navigation:/home/osama/turtle_ws/install/learning_tf2_py:/home/osama/launch_ws/install/py_launch_example:/opt/ros/humble /usr/bin/cmake --build /home/osama/schaeffler/build/emma_visualization -- -j8 -l8
[3.322s] Invoking command in '/home/osama/schaeffler/build/emma_visualization': CMAKE_PREFIX_PATH=${CMAKE_PREFIX_PATH}:/home/osama/schaeffler/install/emma_robot:/home/osama/Omron_AMR_ROS2/install/om_aiv_util:/home/osama/Omron_AMR_ROS2/install/om_aiv_navigation:/home/osama/turtle_ws/install/learning_tf2_py:/home/osama/launch_ws/install/py_launch_example:/opt/ros/humble /usr/bin/cmake --install /home/osama/schaeffler/build/emma_visualization
[3.351s] -- Install configuration: ""
[3.353s] -- Execute custom install script
[3.357s] -- Symlinking: /home/osama/schaeffler/install/emma_visualization/share/emma_visualization/description/emma.urdf.xacro
[3.394s] -- Symlinking: /home/osama/schaeffler/install/emma_visualization/share/emma_visualization/launch/rsp.launch.py
[3.431s] -- Symlinking: /home/osama/schaeffler/install/emma_visualization/share/ament_index/resource_index/package_run_dependencies/emma_visualization
[3.467s] -- Symlinking: /home/osama/schaeffler/install/emma_visualization/share/ament_index/resource_index/parent_prefix_path/emma_visualization
[3.504s] -- Symlinking: /home/osama/schaeffler/install/emma_visualization/share/emma_visualization/environment/ament_prefix_path.sh
[3.540s] -- Symlinking: /home/osama/schaeffler/install/emma_visualization/share/emma_visualization/environment/ament_prefix_path.dsv
[3.578s] -- Symlinking: /home/osama/schaeffler/install/emma_visualization/share/emma_visualization/environment/path.sh
[3.614s] -- Symlinking: /home/osama/schaeffler/install/emma_visualization/share/emma_visualization/environment/path.dsv
[3.650s] -- Symlinking: /home/osama/schaeffler/install/emma_visualization/share/emma_visualization/local_setup.bash
[3.686s] -- Symlinking: /home/osama/schaeffler/install/emma_visualization/share/emma_visualization/local_setup.sh
[3.722s] -- Symlinking: /home/osama/schaeffler/install/emma_visualization/share/emma_visualization/local_setup.zsh
[3.759s] -- Symlinking: /home/osama/schaeffler/install/emma_visualization/share/emma_visualization/local_setup.dsv
[3.797s] -- Symlinking: /home/osama/schaeffler/install/emma_visualization/share/emma_visualization/package.dsv
[3.835s] -- Symlinking: /home/osama/schaeffler/install/emma_visualization/share/ament_index/resource_index/packages/emma_visualization
[3.872s] -- Symlinking: /home/osama/schaeffler/install/emma_visualization/share/emma_visualization/cmake/emma_visualizationConfig.cmake
[3.907s] -- Symlinking: /home/osama/schaeffler/install/emma_visualization/share/emma_visualization/cmake/emma_visualizationConfig-version.cmake
[3.943s] -- Symlinking: /home/osama/schaeffler/install/emma_visualization/share/emma_visualization/package.xml
[3.987s] Invoked command in '/home/osama/schaeffler/build/emma_visualization' returned '0': CMAKE_PREFIX_PATH=${CMAKE_PREFIX_PATH}:/home/osama/schaeffler/install/emma_robot:/home/osama/Omron_AMR_ROS2/install/om_aiv_util:/home/osama/Omron_AMR_ROS2/install/om_aiv_navigation:/home/osama/turtle_ws/install/learning_tf2_py:/home/osama/launch_ws/install/py_launch_example:/opt/ros/humble /usr/bin/cmake --install /home/osama/schaeffler/build/emma_visualization
