[0.043s] Invoking command in '/home/osama/schaeffler/build/emma_visualization': CMAKE_PREFIX_PATH=${CMAKE_PREFIX_PATH}:/home/osama/schaeffler/install/emma_robot:/home/osama/Omron_AMR_ROS2/install/om_aiv_util:/home/osama/Omron_AMR_ROS2/install/om_aiv_navigation:/home/osama/turtle_ws/install/learning_tf2_py:/home/osama/launch_ws/install/py_launch_example:/opt/ros/humble /usr/bin/cmake /home/osama/schaeffler/src/emma_visualization -DAMENT_CMAKE_SYMLINK_INSTALL=1 -DCMAKE_INSTALL_PREFIX=/home/osama/schaeffler/install/emma_visualization
[0.288s] -- The C compiler identification is GNU 11.4.0
[0.544s] -- The CXX compiler identification is GNU 11.4.0
[0.578s] -- Detecting C compiler ABI info
[0.890s] -- Detecting C compiler ABI info - done
[0.936s] -- Check for working C compiler: /usr/bin/cc - skipped
[0.938s] -- Detecting C compile features
[0.940s] -- Detecting C compile features - done
[0.953s] -- Detecting CXX compiler ABI info
[1.301s] -- Detecting CXX compiler ABI info - done
[1.339s] -- Check for working CXX compiler: /usr/bin/c++ - skipped
[1.340s] -- Detecting CXX compile features
[1.342s] -- Detecting CXX compile features - done
[1.354s] -- Found ament_cmake: 1.3.11 (/opt/ros/humble/share/ament_cmake/cmake)
[2.063s] -- Found Python3: /usr/bin/python3 (found version "3.10.12") found components: Interpreter 
[2.350s] -- Override CMake install command with custom implementation using symlinks instead of copying resources
[2.496s] -- Found ament_lint_auto: 0.12.12 (/opt/ros/humble/share/ament_lint_auto/cmake)
[2.953s] -- Added test 'flake8' to check Python code syntax and style conventions
[2.957s] -- Added test 'lint_cmake' to check CMake code style
[2.960s] -- Added test 'pep257' to check Python code against some of the docstring style conventions in PEP 257
[2.967s] -- Added test 'xmllint' to check XML markup files
[2.975s] -- Configuring done
[2.987s] -- Generating done
[2.993s] -- Build files have been written to: /home/osama/schaeffler/build/emma_visualization
[3.009s] Invoked command in '/home/osama/schaeffler/build/emma_visualization' returned '0': CMAKE_PREFIX_PATH=${CMAKE_PREFIX_PATH}:/home/osama/schaeffler/install/emma_robot:/home/osama/Omron_AMR_ROS2/install/om_aiv_util:/home/osama/Omron_AMR_ROS2/install/om_aiv_navigation:/home/osama/turtle_ws/install/learning_tf2_py:/home/osama/launch_ws/install/py_launch_example:/opt/ros/humble /usr/bin/cmake /home/osama/schaeffler/src/emma_visualization -DAMENT_CMAKE_SYMLINK_INSTALL=1 -DCMAKE_INSTALL_PREFIX=/home/osama/schaeffler/install/emma_visualization
[3.016s] Invoking command in '/home/osama/schaeffler/build/emma_visualization': CMAKE_PREFIX_PATH=${CMAKE_PREFIX_PATH}:/home/osama/schaeffler/install/emma_robot:/home/osama/Omron_AMR_ROS2/install/om_aiv_util:/home/osama/Omron_AMR_ROS2/install/om_aiv_navigation:/home/osama/turtle_ws/install/learning_tf2_py:/home/osama/launch_ws/install/py_launch_example:/opt/ros/humble /usr/bin/cmake --build /home/osama/schaeffler/build/emma_visualization -- -j8 -l8
[3.182s] Invoked command in '/home/osama/schaeffler/build/emma_visualization' returned '0': CMAKE_PREFIX_PATH=${CMAKE_PREFIX_PATH}:/home/osama/schaeffler/install/emma_robot:/home/osama/Omron_AMR_ROS2/install/om_aiv_util:/home/osama/Omron_AMR_ROS2/install/om_aiv_navigation:/home/osama/turtle_ws/install/learning_tf2_py:/home/osama/launch_ws/install/py_launch_example:/opt/ros/humble /usr/bin/cmake --build /home/osama/schaeffler/build/emma_visualization -- -j8 -l8
[3.226s] Invoking command in '/home/osama/schaeffler/build/emma_visualization': CMAKE_PREFIX_PATH=${CMAKE_PREFIX_PATH}:/home/osama/schaeffler/install/emma_robot:/home/osama/Omron_AMR_ROS2/install/om_aiv_util:/home/osama/Omron_AMR_ROS2/install/om_aiv_navigation:/home/osama/turtle_ws/install/learning_tf2_py:/home/osama/launch_ws/install/py_launch_example:/opt/ros/humble /usr/bin/cmake --install /home/osama/schaeffler/build/emma_visualization
[3.257s] -- Install configuration: ""
[3.259s] -- Execute custom install script
[3.262s] -- Symlinking: /home/osama/schaeffler/install/emma_visualization/share/emma_visualization/description/emma.urdf.xacro
[3.301s] -- Symlinking: /home/osama/schaeffler/install/emma_visualization/share/emma_visualization/launch/rsp.launch.py
[3.338s] -- Symlinking: /home/osama/schaeffler/install/emma_visualization/share/ament_index/resource_index/package_run_dependencies/emma_visualization
[3.375s] -- Symlinking: /home/osama/schaeffler/install/emma_visualization/share/ament_index/resource_index/parent_prefix_path/emma_visualization
[3.412s] -- Symlinking: /home/osama/schaeffler/install/emma_visualization/share/emma_visualization/environment/ament_prefix_path.sh
[3.449s] -- Symlinking: /home/osama/schaeffler/install/emma_visualization/share/emma_visualization/environment/ament_prefix_path.dsv
[3.486s] -- Symlinking: /home/osama/schaeffler/install/emma_visualization/share/emma_visualization/environment/path.sh
[3.522s] -- Symlinking: /home/osama/schaeffler/install/emma_visualization/share/emma_visualization/environment/path.dsv
[3.558s] -- Symlinking: /home/osama/schaeffler/install/emma_visualization/share/emma_visualization/local_setup.bash
[3.595s] -- Symlinking: /home/osama/schaeffler/install/emma_visualization/share/emma_visualization/local_setup.sh
[3.633s] -- Symlinking: /home/osama/schaeffler/install/emma_visualization/share/emma_visualization/local_setup.zsh
[3.669s] -- Symlinking: /home/osama/schaeffler/install/emma_visualization/share/emma_visualization/local_setup.dsv
[3.709s] -- Symlinking: /home/osama/schaeffler/install/emma_visualization/share/emma_visualization/package.dsv
[3.746s] -- Symlinking: /home/osama/schaeffler/install/emma_visualization/share/ament_index/resource_index/packages/emma_visualization
[3.784s] -- Symlinking: /home/osama/schaeffler/install/emma_visualization/share/emma_visualization/cmake/emma_visualizationConfig.cmake
[3.827s] -- Symlinking: /home/osama/schaeffler/install/emma_visualization/share/emma_visualization/cmake/emma_visualizationConfig-version.cmake
[3.864s] -- Symlinking: /home/osama/schaeffler/install/emma_visualization/share/emma_visualization/package.xml
[3.908s] Invoked command in '/home/osama/schaeffler/build/emma_visualization' returned '0': CMAKE_PREFIX_PATH=${CMAKE_PREFIX_PATH}:/home/osama/schaeffler/install/emma_robot:/home/osama/Omron_AMR_ROS2/install/om_aiv_util:/home/osama/Omron_AMR_ROS2/install/om_aiv_navigation:/home/osama/turtle_ws/install/learning_tf2_py:/home/osama/launch_ws/install/py_launch_example:/opt/ros/humble /usr/bin/cmake --install /home/osama/schaeffler/build/emma_visualization
