[0.506s] DEBUG:colcon:Command line arguments: ['/usr/bin/colcon', 'build', '--symlink-install']
[0.506s] DEBUG:colcon:Parsed command line arguments: Namespace(log_base=None, log_level=None, verb_name='build', build_base='build', install_base='install', merge_install=False, symlink_install=True, test_result_base=None, continue_on_error=False, executor='parallel', parallel_workers=8, event_handlers=None, ignore_user_meta=False, metas=['./colcon.meta'], base_paths=['.'], packages_ignore=None, packages_ignore_regex=None, paths=None, packages_up_to=None, packages_up_to_regex=None, packages_above=None, packages_above_and_dependencies=None, packages_above_depth=None, packages_select_by_dep=None, packages_skip_by_dep=None, packages_skip_up_to=None, packages_select_build_failed=False, packages_skip_build_finished=False, packages_select_test_failures=False, packages_skip_test_passed=False, packages_select=None, packages_skip=None, packages_select_regex=None, packages_skip_regex=None, packages_start=None, packages_end=None, allow_overriding=[], cmake_args=None, cmake_target=None, cmake_target_skip_unavailable=False, cmake_clean_cache=False, cmake_clean_first=False, cmake_force_configure=False, ament_cmake_args=None, catkin_cmake_args=None, catkin_skip_building_tests=False, mixin_files=None, mixin=None, verb_parser=<colcon_mixin.mixin.mixin_argument.MixinArgumentDecorator object at 0x791eec46d750>, verb_extension=<colcon_core.verb.build.BuildVerb object at 0x791eec46cd90>, main=<bound method BuildVerb.main of <colcon_core.verb.build.BuildVerb object at 0x791eec46cd90>>, mixin_verb=('build',))
[1.337s] Level 1:colcon.colcon_core.package_discovery:discover_packages(colcon_meta) check parameters
[1.338s] Level 1:colcon.colcon_core.package_discovery:discover_packages(recursive) check parameters
[1.338s] Level 1:colcon.colcon_core.package_discovery:discover_packages(ignore) check parameters
[1.338s] Level 1:colcon.colcon_core.package_discovery:discover_packages(path) check parameters
[1.338s] Level 1:colcon.colcon_core.package_discovery:discover_packages(colcon_meta) discover
[1.338s] Level 1:colcon.colcon_core.package_discovery:discover_packages(recursive) discover
[1.338s] INFO:colcon.colcon_core.package_discovery:Crawling recursively for packages in '/home/osama/schaeffler'
[1.339s] Level 1:colcon.colcon_core.package_identification:_identify(.) by extensions ['ignore', 'ignore_ament_install']
[1.340s] Level 1:colcon.colcon_core.package_identification:_identify(.) by extension 'ignore'
[1.340s] Level 1:colcon.colcon_core.package_identification:_identify(.) by extension 'ignore_ament_install'
[1.340s] Level 1:colcon.colcon_core.package_identification:_identify(.) by extensions ['colcon_pkg']
[1.340s] Level 1:colcon.colcon_core.package_identification:_identify(.) by extension 'colcon_pkg'
[1.341s] Level 1:colcon.colcon_core.package_identification:_identify(.) by extensions ['colcon_meta']
[1.341s] Level 1:colcon.colcon_core.package_identification:_identify(.) by extension 'colcon_meta'
[1.341s] Level 1:colcon.colcon_core.package_identification:_identify(.) by extensions ['ros']
[1.341s] Level 1:colcon.colcon_core.package_identification:_identify(.) by extension 'ros'
[1.388s] Level 1:colcon.colcon_core.package_identification:_identify(.) by extensions ['cmake', 'python']
[1.388s] Level 1:colcon.colcon_core.package_identification:_identify(.) by extension 'cmake'
[1.388s] Level 1:colcon.colcon_core.package_identification:_identify(.) by extension 'python'
[1.388s] Level 1:colcon.colcon_core.package_identification:_identify(.) by extensions ['python_setup_py']
[1.389s] Level 1:colcon.colcon_core.package_identification:_identify(.) by extension 'python_setup_py'
[1.389s] Level 1:colcon.colcon_core.package_identification:_identify(build) by extensions ['ignore', 'ignore_ament_install']
[1.389s] Level 1:colcon.colcon_core.package_identification:_identify(build) by extension 'ignore'
[1.390s] Level 1:colcon.colcon_core.package_identification:_identify(build) ignored
[1.390s] Level 1:colcon.colcon_core.package_identification:_identify(install) by extensions ['ignore', 'ignore_ament_install']
[1.391s] Level 1:colcon.colcon_core.package_identification:_identify(install) by extension 'ignore'
[1.391s] Level 1:colcon.colcon_core.package_identification:_identify(install) ignored
[1.391s] Level 1:colcon.colcon_core.package_identification:_identify(log) by extensions ['ignore', 'ignore_ament_install']
[1.392s] Level 1:colcon.colcon_core.package_identification:_identify(log) by extension 'ignore'
[1.392s] Level 1:colcon.colcon_core.package_identification:_identify(log) ignored
[1.392s] Level 1:colcon.colcon_core.package_identification:_identify(src) by extensions ['ignore', 'ignore_ament_install']
[1.393s] Level 1:colcon.colcon_core.package_identification:_identify(src) by extension 'ignore'
[1.393s] Level 1:colcon.colcon_core.package_identification:_identify(src) by extension 'ignore_ament_install'
[1.393s] Level 1:colcon.colcon_core.package_identification:_identify(src) by extensions ['colcon_pkg']
[1.393s] Level 1:colcon.colcon_core.package_identification:_identify(src) by extension 'colcon_pkg'
[1.393s] Level 1:colcon.colcon_core.package_identification:_identify(src) by extensions ['colcon_meta']
[1.393s] Level 1:colcon.colcon_core.package_identification:_identify(src) by extension 'colcon_meta'
[1.394s] Level 1:colcon.colcon_core.package_identification:_identify(src) by extensions ['ros']
[1.394s] Level 1:colcon.colcon_core.package_identification:_identify(src) by extension 'ros'
[1.394s] Level 1:colcon.colcon_core.package_identification:_identify(src) by extensions ['cmake', 'python']
[1.394s] Level 1:colcon.colcon_core.package_identification:_identify(src) by extension 'cmake'
[1.395s] Level 1:colcon.colcon_core.package_identification:_identify(src) by extension 'python'
[1.395s] Level 1:colcon.colcon_core.package_identification:_identify(src) by extensions ['python_setup_py']
[1.395s] Level 1:colcon.colcon_core.package_identification:_identify(src) by extension 'python_setup_py'
[1.395s] Level 1:colcon.colcon_core.package_identification:_identify(src/emma_visualization) by extensions ['ignore', 'ignore_ament_install']
[1.396s] Level 1:colcon.colcon_core.package_identification:_identify(src/emma_visualization) by extension 'ignore'
[1.396s] Level 1:colcon.colcon_core.package_identification:_identify(src/emma_visualization) by extension 'ignore_ament_install'
[1.396s] Level 1:colcon.colcon_core.package_identification:_identify(src/emma_visualization) by extensions ['colcon_pkg']
[1.396s] Level 1:colcon.colcon_core.package_identification:_identify(src/emma_visualization) by extension 'colcon_pkg'
[1.396s] Level 1:colcon.colcon_core.package_identification:_identify(src/emma_visualization) by extensions ['colcon_meta']
[1.397s] Level 1:colcon.colcon_core.package_identification:_identify(src/emma_visualization) by extension 'colcon_meta'
[1.397s] Level 1:colcon.colcon_core.package_identification:_identify(src/emma_visualization) by extensions ['ros']
[1.397s] Level 1:colcon.colcon_core.package_identification:_identify(src/emma_visualization) by extension 'ros'
[1.407s] DEBUG:colcon.colcon_core.package_identification:Package 'src/emma_visualization' with type 'ros.ament_cmake' and name 'emma_visualization'
[1.407s] Level 1:colcon.colcon_core.package_discovery:discover_packages(recursive) using defaults
[1.407s] Level 1:colcon.colcon_core.package_discovery:discover_packages(ignore) discover
[1.407s] Level 1:colcon.colcon_core.package_discovery:discover_packages(ignore) using defaults
[1.408s] Level 1:colcon.colcon_core.package_discovery:discover_packages(path) discover
[1.408s] Level 1:colcon.colcon_core.package_discovery:discover_packages(path) using defaults
[1.520s] Level 1:colcon.colcon_core.package_discovery:discover_packages(prefix_path) check parameters
[1.520s] Level 1:colcon.colcon_core.package_discovery:discover_packages(prefix_path) discover
[1.524s] WARNING:colcon.colcon_ros.prefix_path.ament:The path '/home/osama/schaeffler/install/amr_visualization' in the environment variable AMENT_PREFIX_PATH doesn't exist
[1.524s] WARNING:colcon.colcon_ros.prefix_path.ament:The path '/home/osama/schaeffler/install/emma_robot' in the environment variable AMENT_PREFIX_PATH doesn't exist
[1.524s] WARNING:colcon.colcon_ros.prefix_path.ament:The path '/home/osama/Omron_AMR_ROS2/install/om_aiv_util' in the environment variable AMENT_PREFIX_PATH doesn't exist
[1.525s] WARNING:colcon.colcon_ros.prefix_path.ament:The path '/home/osama/Omron_AMR_ROS2/install/om_aiv_navigation' in the environment variable AMENT_PREFIX_PATH doesn't exist
[1.525s] WARNING:colcon.colcon_ros.prefix_path.ament:The path '/home/osama/Omron_AMR_ROS2/install/om_aiv_msg' in the environment variable AMENT_PREFIX_PATH doesn't exist
[1.526s] WARNING:colcon.colcon_ros.prefix_path.catkin:The path '/home/osama/schaeffler/install/amr_visualization' in the environment variable CMAKE_PREFIX_PATH doesn't exist
[1.526s] WARNING:colcon.colcon_ros.prefix_path.catkin:The path '/home/osama/Omron_AMR_ROS2/install/om_aiv_msg' in the environment variable CMAKE_PREFIX_PATH doesn't exist
[1.529s] DEBUG:colcon.colcon_installed_package_information.package_discovery:Found 1 installed packages in /home/osama/schaeffler/install
[1.531s] DEBUG:colcon.colcon_installed_package_information.package_discovery:Found 0 installed packages in /home/osama/Omron_AMR_ROS2/install
[1.532s] DEBUG:colcon.colcon_installed_package_information.package_discovery:Found 2 installed packages in /home/osama/turtle_ws/install
[1.534s] DEBUG:colcon.colcon_installed_package_information.package_discovery:Found 1 installed packages in /home/osama/launch_ws/install
[1.542s] DEBUG:colcon.colcon_installed_package_information.package_discovery:Found 382 installed packages in /opt/ros/humble
[1.551s] Level 1:colcon.colcon_core.package_discovery:discover_packages(prefix_path) using defaults
[1.792s] Level 5:colcon.colcon_core.verb:set package 'emma_visualization' build argument 'cmake_args' from command line to 'None'
[1.792s] Level 5:colcon.colcon_core.verb:set package 'emma_visualization' build argument 'cmake_target' from command line to 'None'
[1.792s] Level 5:colcon.colcon_core.verb:set package 'emma_visualization' build argument 'cmake_target_skip_unavailable' from command line to 'False'
[1.793s] Level 5:colcon.colcon_core.verb:set package 'emma_visualization' build argument 'cmake_clean_cache' from command line to 'False'
[1.793s] Level 5:colcon.colcon_core.verb:set package 'emma_visualization' build argument 'cmake_clean_first' from command line to 'False'
[1.793s] Level 5:colcon.colcon_core.verb:set package 'emma_visualization' build argument 'cmake_force_configure' from command line to 'False'
[1.793s] Level 5:colcon.colcon_core.verb:set package 'emma_visualization' build argument 'ament_cmake_args' from command line to 'None'
[1.793s] Level 5:colcon.colcon_core.verb:set package 'emma_visualization' build argument 'catkin_cmake_args' from command line to 'None'
[1.793s] Level 5:colcon.colcon_core.verb:set package 'emma_visualization' build argument 'catkin_skip_building_tests' from command line to 'False'
[1.793s] DEBUG:colcon.colcon_core.verb:Building package 'emma_visualization' with the following arguments: {'ament_cmake_args': None, 'build_base': '/home/osama/schaeffler/build/emma_visualization', 'catkin_cmake_args': None, 'catkin_skip_building_tests': False, 'cmake_args': None, 'cmake_clean_cache': False, 'cmake_clean_first': False, 'cmake_force_configure': False, 'cmake_target': None, 'cmake_target_skip_unavailable': False, 'install_base': '/home/osama/schaeffler/install/emma_visualization', 'merge_install': False, 'path': '/home/osama/schaeffler/src/emma_visualization', 'symlink_install': True, 'test_result_base': None}
[1.794s] INFO:colcon.colcon_core.executor:Executing jobs using 'parallel' executor
[1.797s] DEBUG:colcon.colcon_parallel_executor.executor.parallel:run_until_complete
[1.798s] INFO:colcon.colcon_ros.task.ament_cmake.build:Building ROS package in '/home/osama/schaeffler/src/emma_visualization' with build type 'ament_cmake'
[1.798s] INFO:colcon.colcon_cmake.task.cmake.build:Building CMake package in '/home/osama/schaeffler/src/emma_visualization'
[1.807s] INFO:colcon.colcon_core.plugin_system:Skipping extension 'colcon_core.shell.bat': Not used on non-Windows systems
[1.808s] INFO:colcon.colcon_core.shell:Skip shell extension 'powershell' for command environment: Not usable outside of PowerShell
[1.808s] DEBUG:colcon.colcon_core.shell:Skip shell extension 'dsv' for command environment
[1.848s] DEBUG:colcon.colcon_core.event_handler.log_command:Invoking command in '/home/osama/schaeffler/build/emma_visualization': CMAKE_PREFIX_PATH=${CMAKE_PREFIX_PATH}:/home/osama/schaeffler/install/emma_robot:/home/osama/Omron_AMR_ROS2/install/om_aiv_util:/home/osama/Omron_AMR_ROS2/install/om_aiv_navigation:/home/osama/turtle_ws/install/learning_tf2_py:/home/osama/launch_ws/install/py_launch_example:/opt/ros/humble /usr/bin/cmake --build /home/osama/schaeffler/build/emma_visualization -- -j8 -l8
[2.017s] DEBUG:colcon.colcon_core.event_handler.log_command:Invoked command in '/home/osama/schaeffler/build/emma_visualization' returned '0': CMAKE_PREFIX_PATH=${CMAKE_PREFIX_PATH}:/home/osama/schaeffler/install/emma_robot:/home/osama/Omron_AMR_ROS2/install/om_aiv_util:/home/osama/Omron_AMR_ROS2/install/om_aiv_navigation:/home/osama/turtle_ws/install/learning_tf2_py:/home/osama/launch_ws/install/py_launch_example:/opt/ros/humble /usr/bin/cmake --build /home/osama/schaeffler/build/emma_visualization -- -j8 -l8
[2.070s] DEBUG:colcon.colcon_core.event_handler.log_command:Invoking command in '/home/osama/schaeffler/build/emma_visualization': CMAKE_PREFIX_PATH=${CMAKE_PREFIX_PATH}:/home/osama/schaeffler/install/emma_robot:/home/osama/Omron_AMR_ROS2/install/om_aiv_util:/home/osama/Omron_AMR_ROS2/install/om_aiv_navigation:/home/osama/turtle_ws/install/learning_tf2_py:/home/osama/launch_ws/install/py_launch_example:/opt/ros/humble /usr/bin/cmake --install /home/osama/schaeffler/build/emma_visualization
[2.169s] Level 1:colcon.colcon_core.environment:create_environment_scripts_only(emma_visualization)
[2.173s] DEBUG:colcon.colcon_core.event_handler.log_command:Invoked command in '/home/osama/schaeffler/build/emma_visualization' returned '0': CMAKE_PREFIX_PATH=${CMAKE_PREFIX_PATH}:/home/osama/schaeffler/install/emma_robot:/home/osama/Omron_AMR_ROS2/install/om_aiv_util:/home/osama/Omron_AMR_ROS2/install/om_aiv_navigation:/home/osama/turtle_ws/install/learning_tf2_py:/home/osama/launch_ws/install/py_launch_example:/opt/ros/humble /usr/bin/cmake --install /home/osama/schaeffler/build/emma_visualization
[2.182s] Level 1:colcon.colcon_core.environment:checking '/home/osama/schaeffler/install/emma_visualization' for CMake module files
[2.184s] Level 1:colcon.colcon_core.environment:checking '/home/osama/schaeffler/install/emma_visualization' for CMake config files
[2.185s] Level 1:colcon.colcon_core.shell:create_environment_hook('emma_visualization', 'cmake_prefix_path')
[2.186s] INFO:colcon.colcon_core.shell:Creating environment hook '/home/osama/schaeffler/install/emma_visualization/share/emma_visualization/hook/cmake_prefix_path.ps1'
[2.189s] INFO:colcon.colcon_core.shell:Creating environment descriptor '/home/osama/schaeffler/install/emma_visualization/share/emma_visualization/hook/cmake_prefix_path.dsv'
[2.190s] INFO:colcon.colcon_core.shell:Creating environment hook '/home/osama/schaeffler/install/emma_visualization/share/emma_visualization/hook/cmake_prefix_path.sh'
[2.194s] Level 1:colcon.colcon_core.environment:checking '/home/osama/schaeffler/install/emma_visualization/bin'
[2.194s] Level 1:colcon.colcon_core.environment:checking '/home/osama/schaeffler/install/emma_visualization/lib/pkgconfig/emma_visualization.pc'
[2.195s] Level 1:colcon.colcon_core.environment:checking '/home/osama/schaeffler/install/emma_visualization/lib/python3.10/site-packages'
[2.196s] Level 1:colcon.colcon_core.environment:checking '/home/osama/schaeffler/install/emma_visualization/bin'
[2.197s] INFO:colcon.colcon_core.shell:Creating package script '/home/osama/schaeffler/install/emma_visualization/share/emma_visualization/package.ps1'
[2.201s] INFO:colcon.colcon_core.shell:Creating package descriptor '/home/osama/schaeffler/install/emma_visualization/share/emma_visualization/package.dsv'
[2.203s] INFO:colcon.colcon_core.shell:Creating package script '/home/osama/schaeffler/install/emma_visualization/share/emma_visualization/package.sh'
[2.206s] INFO:colcon.colcon_core.shell:Creating package script '/home/osama/schaeffler/install/emma_visualization/share/emma_visualization/package.bash'
[2.209s] INFO:colcon.colcon_core.shell:Creating package script '/home/osama/schaeffler/install/emma_visualization/share/emma_visualization/package.zsh'
[2.212s] Level 1:colcon.colcon_core.environment:create_file_with_runtime_dependencies(/home/osama/schaeffler/install/emma_visualization/share/colcon-core/packages/emma_visualization)
[2.214s] Level 1:colcon.colcon_core.environment:create_environment_scripts_only(emma_visualization)
[2.215s] Level 1:colcon.colcon_core.environment:checking '/home/osama/schaeffler/install/emma_visualization' for CMake module files
[2.217s] Level 1:colcon.colcon_core.environment:checking '/home/osama/schaeffler/install/emma_visualization' for CMake config files
[2.218s] Level 1:colcon.colcon_core.shell:create_environment_hook('emma_visualization', 'cmake_prefix_path')
[2.219s] INFO:colcon.colcon_core.shell:Creating environment hook '/home/osama/schaeffler/install/emma_visualization/share/emma_visualization/hook/cmake_prefix_path.ps1'
[2.221s] INFO:colcon.colcon_core.shell:Creating environment descriptor '/home/osama/schaeffler/install/emma_visualization/share/emma_visualization/hook/cmake_prefix_path.dsv'
[2.222s] INFO:colcon.colcon_core.shell:Creating environment hook '/home/osama/schaeffler/install/emma_visualization/share/emma_visualization/hook/cmake_prefix_path.sh'
[2.224s] Level 1:colcon.colcon_core.environment:checking '/home/osama/schaeffler/install/emma_visualization/bin'
[2.225s] Level 1:colcon.colcon_core.environment:checking '/home/osama/schaeffler/install/emma_visualization/lib/pkgconfig/emma_visualization.pc'
[2.226s] Level 1:colcon.colcon_core.environment:checking '/home/osama/schaeffler/install/emma_visualization/lib/python3.10/site-packages'
[2.226s] Level 1:colcon.colcon_core.environment:checking '/home/osama/schaeffler/install/emma_visualization/bin'
[2.228s] INFO:colcon.colcon_core.shell:Creating package script '/home/osama/schaeffler/install/emma_visualization/share/emma_visualization/package.ps1'
[2.229s] INFO:colcon.colcon_core.shell:Creating package descriptor '/home/osama/schaeffler/install/emma_visualization/share/emma_visualization/package.dsv'
[2.231s] INFO:colcon.colcon_core.shell:Creating package script '/home/osama/schaeffler/install/emma_visualization/share/emma_visualization/package.sh'
[2.233s] INFO:colcon.colcon_core.shell:Creating package script '/home/osama/schaeffler/install/emma_visualization/share/emma_visualization/package.bash'
[2.235s] INFO:colcon.colcon_core.shell:Creating package script '/home/osama/schaeffler/install/emma_visualization/share/emma_visualization/package.zsh'
[2.238s] Level 1:colcon.colcon_core.environment:create_file_with_runtime_dependencies(/home/osama/schaeffler/install/emma_visualization/share/colcon-core/packages/emma_visualization)
[2.239s] DEBUG:colcon.colcon_parallel_executor.executor.parallel:closing loop
[2.241s] DEBUG:colcon.colcon_parallel_executor.executor.parallel:loop closed
[2.241s] DEBUG:colcon.colcon_parallel_executor.executor.parallel:run_until_complete finished with '0'
[2.242s] DEBUG:colcon.colcon_core.event_reactor:joining thread
[2.263s] INFO:colcon.colcon_core.plugin_system:Skipping extension 'colcon_notification.desktop_notification.terminal_notifier': Not used on non-Darwin systems
[2.263s] INFO:colcon.colcon_core.plugin_system:Skipping extension 'colcon_notification.desktop_notification.win32': Not used on non-Windows systems
[2.264s] INFO:colcon.colcon_notification.desktop_notification:Sending desktop notification using 'notify2'
[2.307s] DEBUG:colcon.colcon_core.event_reactor:joined thread
[2.309s] INFO:colcon.colcon_core.shell:Creating prefix script '/home/osama/schaeffler/install/local_setup.ps1'
[2.315s] INFO:colcon.colcon_core.shell:Creating prefix util module '/home/osama/schaeffler/install/_local_setup_util_ps1.py'
[2.326s] INFO:colcon.colcon_core.shell:Creating prefix chain script '/home/osama/schaeffler/install/setup.ps1'
[2.332s] INFO:colcon.colcon_core.shell:Creating prefix script '/home/osama/schaeffler/install/local_setup.sh'
[2.334s] INFO:colcon.colcon_core.shell:Creating prefix util module '/home/osama/schaeffler/install/_local_setup_util_sh.py'
[2.337s] INFO:colcon.colcon_core.shell:Creating prefix chain script '/home/osama/schaeffler/install/setup.sh'
[2.342s] INFO:colcon.colcon_core.shell:Creating prefix script '/home/osama/schaeffler/install/local_setup.bash'
[2.344s] INFO:colcon.colcon_core.shell:Creating prefix chain script '/home/osama/schaeffler/install/setup.bash'
[2.350s] INFO:colcon.colcon_core.shell:Creating prefix script '/home/osama/schaeffler/install/local_setup.zsh'
[2.352s] INFO:colcon.colcon_core.shell:Creating prefix chain script '/home/osama/schaeffler/install/setup.zsh'
