[0.504s] DEBUG:colcon:Command line arguments: ['/usr/bin/colcon', 'build', '--symlink-install']
[0.504s] DEBUG:colcon:Parsed command line arguments: Namespace(log_base=None, log_level=None, verb_name='build', build_base='build', install_base='install', merge_install=False, symlink_install=True, test_result_base=None, continue_on_error=False, executor='parallel', parallel_workers=8, event_handlers=None, ignore_user_meta=False, metas=['./colcon.meta'], base_paths=['.'], packages_ignore=None, packages_ignore_regex=None, paths=None, packages_up_to=None, packages_up_to_regex=None, packages_above=None, packages_above_and_dependencies=None, packages_above_depth=None, packages_select_by_dep=None, packages_skip_by_dep=None, packages_skip_up_to=None, packages_select_build_failed=False, packages_skip_build_finished=False, packages_select_test_failures=False, packages_skip_test_passed=False, packages_select=None, packages_skip=None, packages_select_regex=None, packages_skip_regex=None, packages_start=None, packages_end=None, allow_overriding=[], cmake_args=None, cmake_target=None, cmake_target_skip_unavailable=False, cmake_clean_cache=False, cmake_clean_first=False, cmake_force_configure=False, ament_cmake_args=None, catkin_cmake_args=None, catkin_skip_building_tests=False, mixin_files=None, mixin=None, verb_parser=<colcon_mixin.mixin.mixin_argument.MixinArgumentDecorator object at 0x7bc303d6d810>, verb_extension=<colcon_core.verb.build.BuildVerb object at 0x7bc303d6ce50>, main=<bound method BuildVerb.main of <colcon_core.verb.build.BuildVerb object at 0x7bc303d6ce50>>, mixin_verb=('build',))
[1.365s] Level 1:colcon.colcon_core.package_discovery:discover_packages(colcon_meta) check parameters
[1.365s] Level 1:colcon.colcon_core.package_discovery:discover_packages(recursive) check parameters
[1.365s] Level 1:colcon.colcon_core.package_discovery:discover_packages(ignore) check parameters
[1.366s] Level 1:colcon.colcon_core.package_discovery:discover_packages(path) check parameters
[1.366s] Level 1:colcon.colcon_core.package_discovery:discover_packages(colcon_meta) discover
[1.366s] Level 1:colcon.colcon_core.package_discovery:discover_packages(recursive) discover
[1.366s] INFO:colcon.colcon_core.package_discovery:Crawling recursively for packages in '/home/osama/schaeffler'
[1.366s] Level 1:colcon.colcon_core.package_identification:_identify(.) by extensions ['ignore', 'ignore_ament_install']
[1.367s] Level 1:colcon.colcon_core.package_identification:_identify(.) by extension 'ignore'
[1.368s] Level 1:colcon.colcon_core.package_identification:_identify(.) by extension 'ignore_ament_install'
[1.368s] Level 1:colcon.colcon_core.package_identification:_identify(.) by extensions ['colcon_pkg']
[1.368s] Level 1:colcon.colcon_core.package_identification:_identify(.) by extension 'colcon_pkg'
[1.368s] Level 1:colcon.colcon_core.package_identification:_identify(.) by extensions ['colcon_meta']
[1.368s] Level 1:colcon.colcon_core.package_identification:_identify(.) by extension 'colcon_meta'
[1.368s] Level 1:colcon.colcon_core.package_identification:_identify(.) by extensions ['ros']
[1.369s] Level 1:colcon.colcon_core.package_identification:_identify(.) by extension 'ros'
[1.415s] Level 1:colcon.colcon_core.package_identification:_identify(.) by extensions ['cmake', 'python']
[1.416s] Level 1:colcon.colcon_core.package_identification:_identify(.) by extension 'cmake'
[1.416s] Level 1:colcon.colcon_core.package_identification:_identify(.) by extension 'python'
[1.416s] Level 1:colcon.colcon_core.package_identification:_identify(.) by extensions ['python_setup_py']
[1.416s] Level 1:colcon.colcon_core.package_identification:_identify(.) by extension 'python_setup_py'
[1.417s] Level 1:colcon.colcon_core.package_identification:_identify(build) by extensions ['ignore', 'ignore_ament_install']
[1.417s] Level 1:colcon.colcon_core.package_identification:_identify(build) by extension 'ignore'
[1.417s] Level 1:colcon.colcon_core.package_identification:_identify(build) ignored
[1.418s] Level 1:colcon.colcon_core.package_identification:_identify(install) by extensions ['ignore', 'ignore_ament_install']
[1.418s] Level 1:colcon.colcon_core.package_identification:_identify(install) by extension 'ignore'
[1.418s] Level 1:colcon.colcon_core.package_identification:_identify(install) ignored
[1.419s] Level 1:colcon.colcon_core.package_identification:_identify(log) by extensions ['ignore', 'ignore_ament_install']
[1.419s] Level 1:colcon.colcon_core.package_identification:_identify(log) by extension 'ignore'
[1.419s] Level 1:colcon.colcon_core.package_identification:_identify(log) ignored
[1.420s] Level 1:colcon.colcon_core.package_identification:_identify(src) by extensions ['ignore', 'ignore_ament_install']
[1.420s] Level 1:colcon.colcon_core.package_identification:_identify(src) by extension 'ignore'
[1.420s] Level 1:colcon.colcon_core.package_identification:_identify(src) by extension 'ignore_ament_install'
[1.420s] Level 1:colcon.colcon_core.package_identification:_identify(src) by extensions ['colcon_pkg']
[1.420s] Level 1:colcon.colcon_core.package_identification:_identify(src) by extension 'colcon_pkg'
[1.421s] Level 1:colcon.colcon_core.package_identification:_identify(src) by extensions ['colcon_meta']
[1.421s] Level 1:colcon.colcon_core.package_identification:_identify(src) by extension 'colcon_meta'
[1.421s] Level 1:colcon.colcon_core.package_identification:_identify(src) by extensions ['ros']
[1.421s] Level 1:colcon.colcon_core.package_identification:_identify(src) by extension 'ros'
[1.421s] Level 1:colcon.colcon_core.package_identification:_identify(src) by extensions ['cmake', 'python']
[1.422s] Level 1:colcon.colcon_core.package_identification:_identify(src) by extension 'cmake'
[1.422s] Level 1:colcon.colcon_core.package_identification:_identify(src) by extension 'python'
[1.422s] Level 1:colcon.colcon_core.package_identification:_identify(src) by extensions ['python_setup_py']
[1.422s] Level 1:colcon.colcon_core.package_identification:_identify(src) by extension 'python_setup_py'
[1.422s] Level 1:colcon.colcon_core.package_identification:_identify(src/emma_visualization) by extensions ['ignore', 'ignore_ament_install']
[1.423s] Level 1:colcon.colcon_core.package_identification:_identify(src/emma_visualization) by extension 'ignore'
[1.423s] Level 1:colcon.colcon_core.package_identification:_identify(src/emma_visualization) by extension 'ignore_ament_install'
[1.423s] Level 1:colcon.colcon_core.package_identification:_identify(src/emma_visualization) by extensions ['colcon_pkg']
[1.423s] Level 1:colcon.colcon_core.package_identification:_identify(src/emma_visualization) by extension 'colcon_pkg'
[1.424s] Level 1:colcon.colcon_core.package_identification:_identify(src/emma_visualization) by extensions ['colcon_meta']
[1.424s] Level 1:colcon.colcon_core.package_identification:_identify(src/emma_visualization) by extension 'colcon_meta'
[1.424s] Level 1:colcon.colcon_core.package_identification:_identify(src/emma_visualization) by extensions ['ros']
[1.424s] Level 1:colcon.colcon_core.package_identification:_identify(src/emma_visualization) by extension 'ros'
[1.433s] DEBUG:colcon.colcon_core.package_identification:Package 'src/emma_visualization' with type 'ros.ament_cmake' and name 'emma_visualization'
[1.434s] Level 1:colcon.colcon_core.package_discovery:discover_packages(recursive) using defaults
[1.434s] Level 1:colcon.colcon_core.package_discovery:discover_packages(ignore) discover
[1.434s] Level 1:colcon.colcon_core.package_discovery:discover_packages(ignore) using defaults
[1.434s] Level 1:colcon.colcon_core.package_discovery:discover_packages(path) discover
[1.434s] Level 1:colcon.colcon_core.package_discovery:discover_packages(path) using defaults
[1.550s] Level 1:colcon.colcon_core.package_discovery:discover_packages(prefix_path) check parameters
[1.550s] Level 1:colcon.colcon_core.package_discovery:discover_packages(prefix_path) discover
[1.554s] WARNING:colcon.colcon_ros.prefix_path.ament:The path '/home/osama/schaeffler/install/amr_visualization' in the environment variable AMENT_PREFIX_PATH doesn't exist
[1.555s] WARNING:colcon.colcon_ros.prefix_path.ament:The path '/home/osama/schaeffler/install/emma_visualization' in the environment variable AMENT_PREFIX_PATH doesn't exist
[1.555s] WARNING:colcon.colcon_ros.prefix_path.ament:The path '/home/osama/schaeffler/install/emma_robot' in the environment variable AMENT_PREFIX_PATH doesn't exist
[1.555s] WARNING:colcon.colcon_ros.prefix_path.ament:The path '/home/osama/Omron_AMR_ROS2/install/om_aiv_util' in the environment variable AMENT_PREFIX_PATH doesn't exist
[1.555s] WARNING:colcon.colcon_ros.prefix_path.ament:The path '/home/osama/Omron_AMR_ROS2/install/om_aiv_navigation' in the environment variable AMENT_PREFIX_PATH doesn't exist
[1.556s] WARNING:colcon.colcon_ros.prefix_path.ament:The path '/home/osama/Omron_AMR_ROS2/install/om_aiv_msg' in the environment variable AMENT_PREFIX_PATH doesn't exist
[1.557s] WARNING:colcon.colcon_ros.prefix_path.catkin:The path '/home/osama/schaeffler/install/emma_visualization' in the environment variable CMAKE_PREFIX_PATH doesn't exist
[1.557s] WARNING:colcon.colcon_ros.prefix_path.catkin:The path '/home/osama/schaeffler/install/amr_visualization' in the environment variable CMAKE_PREFIX_PATH doesn't exist
[1.557s] WARNING:colcon.colcon_ros.prefix_path.catkin:The path '/home/osama/Omron_AMR_ROS2/install/om_aiv_msg' in the environment variable CMAKE_PREFIX_PATH doesn't exist
[1.560s] DEBUG:colcon.colcon_installed_package_information.package_discovery:Found 0 installed packages in /home/osama/schaeffler/install
[1.561s] DEBUG:colcon.colcon_installed_package_information.package_discovery:Found 0 installed packages in /home/osama/Omron_AMR_ROS2/install
[1.563s] DEBUG:colcon.colcon_installed_package_information.package_discovery:Found 2 installed packages in /home/osama/turtle_ws/install
[1.565s] DEBUG:colcon.colcon_installed_package_information.package_discovery:Found 1 installed packages in /home/osama/launch_ws/install
[1.573s] DEBUG:colcon.colcon_installed_package_information.package_discovery:Found 382 installed packages in /opt/ros/humble
[1.581s] Level 1:colcon.colcon_core.package_discovery:discover_packages(prefix_path) using defaults
[1.805s] Level 5:colcon.colcon_core.verb:set package 'emma_visualization' build argument 'cmake_args' from command line to 'None'
[1.805s] Level 5:colcon.colcon_core.verb:set package 'emma_visualization' build argument 'cmake_target' from command line to 'None'
[1.806s] Level 5:colcon.colcon_core.verb:set package 'emma_visualization' build argument 'cmake_target_skip_unavailable' from command line to 'False'
[1.806s] Level 5:colcon.colcon_core.verb:set package 'emma_visualization' build argument 'cmake_clean_cache' from command line to 'False'
[1.806s] Level 5:colcon.colcon_core.verb:set package 'emma_visualization' build argument 'cmake_clean_first' from command line to 'False'
[1.806s] Level 5:colcon.colcon_core.verb:set package 'emma_visualization' build argument 'cmake_force_configure' from command line to 'False'
[1.806s] Level 5:colcon.colcon_core.verb:set package 'emma_visualization' build argument 'ament_cmake_args' from command line to 'None'
[1.806s] Level 5:colcon.colcon_core.verb:set package 'emma_visualization' build argument 'catkin_cmake_args' from command line to 'None'
[1.806s] Level 5:colcon.colcon_core.verb:set package 'emma_visualization' build argument 'catkin_skip_building_tests' from command line to 'False'
[1.806s] DEBUG:colcon.colcon_core.verb:Building package 'emma_visualization' with the following arguments: {'ament_cmake_args': None, 'build_base': '/home/osama/schaeffler/build/emma_visualization', 'catkin_cmake_args': None, 'catkin_skip_building_tests': False, 'cmake_args': None, 'cmake_clean_cache': False, 'cmake_clean_first': False, 'cmake_force_configure': False, 'cmake_target': None, 'cmake_target_skip_unavailable': False, 'install_base': '/home/osama/schaeffler/install/emma_visualization', 'merge_install': False, 'path': '/home/osama/schaeffler/src/emma_visualization', 'symlink_install': True, 'test_result_base': None}
[1.807s] INFO:colcon.colcon_core.executor:Executing jobs using 'parallel' executor
[1.811s] DEBUG:colcon.colcon_parallel_executor.executor.parallel:run_until_complete
[1.812s] INFO:colcon.colcon_ros.task.ament_cmake.build:Building ROS package in '/home/osama/schaeffler/src/emma_visualization' with build type 'ament_cmake'
[1.812s] INFO:colcon.colcon_cmake.task.cmake.build:Building CMake package in '/home/osama/schaeffler/src/emma_visualization'
[1.821s] INFO:colcon.colcon_core.plugin_system:Skipping extension 'colcon_core.shell.bat': Not used on non-Windows systems
[1.821s] INFO:colcon.colcon_core.shell:Skip shell extension 'powershell' for command environment: Not usable outside of PowerShell
[1.821s] DEBUG:colcon.colcon_core.shell:Skip shell extension 'dsv' for command environment
[1.856s] DEBUG:colcon.colcon_core.event_handler.log_command:Invoking command in '/home/osama/schaeffler/build/emma_visualization': CMAKE_PREFIX_PATH=${CMAKE_PREFIX_PATH}:/home/osama/schaeffler/install/emma_robot:/home/osama/Omron_AMR_ROS2/install/om_aiv_util:/home/osama/Omron_AMR_ROS2/install/om_aiv_navigation:/home/osama/turtle_ws/install/learning_tf2_py:/home/osama/launch_ws/install/py_launch_example:/opt/ros/humble /usr/bin/cmake /home/osama/schaeffler/src/emma_visualization -DAMENT_CMAKE_SYMLINK_INSTALL=1 -DCMAKE_INSTALL_PREFIX=/home/osama/schaeffler/install/emma_visualization
[4.822s] DEBUG:colcon.colcon_core.event_handler.log_command:Invoked command in '/home/osama/schaeffler/build/emma_visualization' returned '0': CMAKE_PREFIX_PATH=${CMAKE_PREFIX_PATH}:/home/osama/schaeffler/install/emma_robot:/home/osama/Omron_AMR_ROS2/install/om_aiv_util:/home/osama/Omron_AMR_ROS2/install/om_aiv_navigation:/home/osama/turtle_ws/install/learning_tf2_py:/home/osama/launch_ws/install/py_launch_example:/opt/ros/humble /usr/bin/cmake /home/osama/schaeffler/src/emma_visualization -DAMENT_CMAKE_SYMLINK_INSTALL=1 -DCMAKE_INSTALL_PREFIX=/home/osama/schaeffler/install/emma_visualization
[4.830s] DEBUG:colcon.colcon_core.event_handler.log_command:Invoking command in '/home/osama/schaeffler/build/emma_visualization': CMAKE_PREFIX_PATH=${CMAKE_PREFIX_PATH}:/home/osama/schaeffler/install/emma_robot:/home/osama/Omron_AMR_ROS2/install/om_aiv_util:/home/osama/Omron_AMR_ROS2/install/om_aiv_navigation:/home/osama/turtle_ws/install/learning_tf2_py:/home/osama/launch_ws/install/py_launch_example:/opt/ros/humble /usr/bin/cmake --build /home/osama/schaeffler/build/emma_visualization -- -j8 -l8
[4.996s] DEBUG:colcon.colcon_core.event_handler.log_command:Invoked command in '/home/osama/schaeffler/build/emma_visualization' returned '0': CMAKE_PREFIX_PATH=${CMAKE_PREFIX_PATH}:/home/osama/schaeffler/install/emma_robot:/home/osama/Omron_AMR_ROS2/install/om_aiv_util:/home/osama/Omron_AMR_ROS2/install/om_aiv_navigation:/home/osama/turtle_ws/install/learning_tf2_py:/home/osama/launch_ws/install/py_launch_example:/opt/ros/humble /usr/bin/cmake --build /home/osama/schaeffler/build/emma_visualization -- -j8 -l8
[5.041s] DEBUG:colcon.colcon_core.event_handler.log_command:Invoking command in '/home/osama/schaeffler/build/emma_visualization': CMAKE_PREFIX_PATH=${CMAKE_PREFIX_PATH}:/home/osama/schaeffler/install/emma_robot:/home/osama/Omron_AMR_ROS2/install/om_aiv_util:/home/osama/Omron_AMR_ROS2/install/om_aiv_navigation:/home/osama/turtle_ws/install/learning_tf2_py:/home/osama/launch_ws/install/py_launch_example:/opt/ros/humble /usr/bin/cmake --install /home/osama/schaeffler/build/emma_visualization
[5.720s] Level 1:colcon.colcon_core.environment:create_environment_scripts_only(emma_visualization)
[5.722s] DEBUG:colcon.colcon_core.event_handler.log_command:Invoked command in '/home/osama/schaeffler/build/emma_visualization' returned '0': CMAKE_PREFIX_PATH=${CMAKE_PREFIX_PATH}:/home/osama/schaeffler/install/emma_robot:/home/osama/Omron_AMR_ROS2/install/om_aiv_util:/home/osama/Omron_AMR_ROS2/install/om_aiv_navigation:/home/osama/turtle_ws/install/learning_tf2_py:/home/osama/launch_ws/install/py_launch_example:/opt/ros/humble /usr/bin/cmake --install /home/osama/schaeffler/build/emma_visualization
[5.730s] Level 1:colcon.colcon_core.environment:checking '/home/osama/schaeffler/install/emma_visualization' for CMake module files
[5.733s] Level 1:colcon.colcon_core.environment:checking '/home/osama/schaeffler/install/emma_visualization' for CMake config files
[5.734s] Level 1:colcon.colcon_core.shell:create_environment_hook('emma_visualization', 'cmake_prefix_path')
[5.735s] INFO:colcon.colcon_core.shell:Creating environment hook '/home/osama/schaeffler/install/emma_visualization/share/emma_visualization/hook/cmake_prefix_path.ps1'
[5.738s] INFO:colcon.colcon_core.shell:Creating environment descriptor '/home/osama/schaeffler/install/emma_visualization/share/emma_visualization/hook/cmake_prefix_path.dsv'
[5.739s] INFO:colcon.colcon_core.shell:Creating environment hook '/home/osama/schaeffler/install/emma_visualization/share/emma_visualization/hook/cmake_prefix_path.sh'
[5.743s] Level 1:colcon.colcon_core.environment:checking '/home/osama/schaeffler/install/emma_visualization/bin'
[5.743s] Level 1:colcon.colcon_core.environment:checking '/home/osama/schaeffler/install/emma_visualization/lib/pkgconfig/emma_visualization.pc'
[5.744s] Level 1:colcon.colcon_core.environment:checking '/home/osama/schaeffler/install/emma_visualization/lib/python3.10/site-packages'
[5.746s] Level 1:colcon.colcon_core.environment:checking '/home/osama/schaeffler/install/emma_visualization/bin'
[5.747s] INFO:colcon.colcon_core.shell:Creating package script '/home/osama/schaeffler/install/emma_visualization/share/emma_visualization/package.ps1'
[5.750s] INFO:colcon.colcon_core.shell:Creating package descriptor '/home/osama/schaeffler/install/emma_visualization/share/emma_visualization/package.dsv'
[5.752s] INFO:colcon.colcon_core.shell:Creating package script '/home/osama/schaeffler/install/emma_visualization/share/emma_visualization/package.sh'
[5.755s] INFO:colcon.colcon_core.shell:Creating package script '/home/osama/schaeffler/install/emma_visualization/share/emma_visualization/package.bash'
[5.758s] INFO:colcon.colcon_core.shell:Creating package script '/home/osama/schaeffler/install/emma_visualization/share/emma_visualization/package.zsh'
[5.760s] Level 1:colcon.colcon_core.environment:create_file_with_runtime_dependencies(/home/osama/schaeffler/install/emma_visualization/share/colcon-core/packages/emma_visualization)
[5.764s] Level 1:colcon.colcon_core.environment:create_environment_scripts_only(emma_visualization)
[5.765s] Level 1:colcon.colcon_core.environment:checking '/home/osama/schaeffler/install/emma_visualization' for CMake module files
[5.767s] Level 1:colcon.colcon_core.environment:checking '/home/osama/schaeffler/install/emma_visualization' for CMake config files
[5.768s] Level 1:colcon.colcon_core.shell:create_environment_hook('emma_visualization', 'cmake_prefix_path')
[5.769s] INFO:colcon.colcon_core.shell:Creating environment hook '/home/osama/schaeffler/install/emma_visualization/share/emma_visualization/hook/cmake_prefix_path.ps1'
[5.771s] INFO:colcon.colcon_core.shell:Creating environment descriptor '/home/osama/schaeffler/install/emma_visualization/share/emma_visualization/hook/cmake_prefix_path.dsv'
[5.772s] INFO:colcon.colcon_core.shell:Creating environment hook '/home/osama/schaeffler/install/emma_visualization/share/emma_visualization/hook/cmake_prefix_path.sh'
[5.774s] Level 1:colcon.colcon_core.environment:checking '/home/osama/schaeffler/install/emma_visualization/bin'
[5.775s] Level 1:colcon.colcon_core.environment:checking '/home/osama/schaeffler/install/emma_visualization/lib/pkgconfig/emma_visualization.pc'
[5.776s] Level 1:colcon.colcon_core.environment:checking '/home/osama/schaeffler/install/emma_visualization/lib/python3.10/site-packages'
[5.776s] Level 1:colcon.colcon_core.environment:checking '/home/osama/schaeffler/install/emma_visualization/bin'
[5.778s] INFO:colcon.colcon_core.shell:Creating package script '/home/osama/schaeffler/install/emma_visualization/share/emma_visualization/package.ps1'
[5.779s] INFO:colcon.colcon_core.shell:Creating package descriptor '/home/osama/schaeffler/install/emma_visualization/share/emma_visualization/package.dsv'
[5.781s] INFO:colcon.colcon_core.shell:Creating package script '/home/osama/schaeffler/install/emma_visualization/share/emma_visualization/package.sh'
[5.783s] INFO:colcon.colcon_core.shell:Creating package script '/home/osama/schaeffler/install/emma_visualization/share/emma_visualization/package.bash'
[5.785s] INFO:colcon.colcon_core.shell:Creating package script '/home/osama/schaeffler/install/emma_visualization/share/emma_visualization/package.zsh'
[5.786s] Level 1:colcon.colcon_core.environment:create_file_with_runtime_dependencies(/home/osama/schaeffler/install/emma_visualization/share/colcon-core/packages/emma_visualization)
[5.787s] DEBUG:colcon.colcon_parallel_executor.executor.parallel:closing loop
[5.789s] DEBUG:colcon.colcon_parallel_executor.executor.parallel:loop closed
[5.789s] DEBUG:colcon.colcon_parallel_executor.executor.parallel:run_until_complete finished with '0'
[5.789s] DEBUG:colcon.colcon_core.event_reactor:joining thread
[5.810s] INFO:colcon.colcon_core.plugin_system:Skipping extension 'colcon_notification.desktop_notification.terminal_notifier': Not used on non-Darwin systems
[5.810s] INFO:colcon.colcon_core.plugin_system:Skipping extension 'colcon_notification.desktop_notification.win32': Not used on non-Windows systems
[5.811s] INFO:colcon.colcon_notification.desktop_notification:Sending desktop notification using 'notify2'
[5.866s] DEBUG:colcon.colcon_core.event_reactor:joined thread
[5.867s] INFO:colcon.colcon_core.shell:Creating prefix script '/home/osama/schaeffler/install/local_setup.ps1'
[5.872s] INFO:colcon.colcon_core.shell:Creating prefix util module '/home/osama/schaeffler/install/_local_setup_util_ps1.py'
[5.878s] INFO:colcon.colcon_core.shell:Creating prefix chain script '/home/osama/schaeffler/install/setup.ps1'
[5.883s] INFO:colcon.colcon_core.shell:Creating prefix script '/home/osama/schaeffler/install/local_setup.sh'
[5.885s] INFO:colcon.colcon_core.shell:Creating prefix util module '/home/osama/schaeffler/install/_local_setup_util_sh.py'
[5.887s] INFO:colcon.colcon_core.shell:Creating prefix chain script '/home/osama/schaeffler/install/setup.sh'
[5.892s] INFO:colcon.colcon_core.shell:Creating prefix script '/home/osama/schaeffler/install/local_setup.bash'
[5.894s] INFO:colcon.colcon_core.shell:Creating prefix chain script '/home/osama/schaeffler/install/setup.bash'
[5.899s] INFO:colcon.colcon_core.shell:Creating prefix script '/home/osama/schaeffler/install/local_setup.zsh'
[5.901s] INFO:colcon.colcon_core.shell:Creating prefix chain script '/home/osama/schaeffler/install/setup.zsh'
